<?xml version="1.0" encoding="UTF-8"?>
<!-- Generated by org.testng.reporters.JUnitXMLReporter -->
<testsuite hostname="DESKTOP-JU6FNRB" name="Test" tests="1" failures="1" timestamp="11 Jul 2020 21:11:09 GMT" time="12.124" errors="0">
  <testcase name="feature" time="11.805" classname="teamAlpha.Runner.TestRunner">
    <failure type="cucumber.runtime.CucumberException" message="cucumber.runtime.CucumberException: Arity mismatch: Step Definition &amp;apos;teamAlpha.StepDefinitions.CreateProfileStepsDef.Customer_clicks_My_Med_List(String) in file:/C:/Users/Alko_Lady/eclipse-workspace/teamAlphaproject/target/test-classes/&amp;apos; with pattern [Customer clicks on My Med List] is declared with 1 parameters. However, the gherkin step has 0 arguments []. 
Step: Then Customer clicks on My Med List">
      <![CDATA[cucumber.runtime.CucumberException: cucumber.runtime.CucumberException: Arity mismatch: Step Definition 'teamAlpha.StepDefinitions.CreateProfileStepsDef.Customer_clicks_My_Med_List(String) in file:/C:/Users/Alko_Lady/eclipse-workspace/teamAlphaproject/target/test-classes/' with pattern [Customer clicks on My Med List] is declared with 1 parameters. However, the gherkin step has 0 arguments []. 
Step: Then Customer clicks on My Med List
	at cucumber.api.testng.TestNGCucumberRunner.runCucumber(TestNGCucumberRunner.java:69)
	at teamAlpha.Runner.TestRunner.feature(TestRunner.java:33)
Caused by: cucumber.runtime.CucumberException: Arity mismatch: Step Definition 'teamAlpha.StepDefinitions.CreateProfileStepsDef.Customer_clicks_My_Med_List(String) in file:/C:/Users/Alko_Lady/eclipse-workspace/teamAlphaproject/target/test-classes/' with pattern [Customer clicks on My Med List] is declared with 1 parameters. However, the gherkin step has 0 arguments []. 
Step: Then Customer clicks on My Med List
	at cucumber.runtime.StepDefinitionMatch.arityMismatch(StepDefinitionMatch.java:102)
	at cucumber.runtime.StepDefinitionMatch.transformedArgs(StepDefinitionMatch.java:60)
	at cucumber.runtime.StepDefinitionMatch.runStep(StepDefinitionMatch.java:37)
	at cucumber.runtime.Runtime.runStep(Runtime.java:300)
	at cucumber.runtime.model.StepContainer.runStep(StepContainer.java:44)
	at cucumber.runtime.model.StepContainer.runSteps(StepContainer.java:39)
	at cucumber.runtime.model.CucumberScenario.run(CucumberScenario.java:44)
	at cucumber.runtime.model.CucumberScenarioOutline.run(CucumberScenarioOutline.java:46)
	at cucumber.runtime.model.CucumberFeature.run(CucumberFeature.java:165)
	at cucumber.api.testng.TestNGCucumberRunner.runCucumber(TestNGCucumberRunner.java:63)
	... 25 more
... Removed 24 stack frames]]>
    </failure>
  </testcase> <!-- feature -->
</testsuite> <!-- Test -->
